\BOOKMARK [0][-]{chapter*.1}{Indice}{}% 1
\BOOKMARK [0][-]{chapter.1}{Introduzione}{}% 2
\BOOKMARK [0][-]{chapter.2}{Obiettivi}{}% 3
\BOOKMARK [1][-]{section.2.1}{Problematiche affrontate}{chapter.2}% 4
\BOOKMARK [1][-]{section.2.2}{Obiettivi raggiunti}{chapter.2}% 5
\BOOKMARK [0][-]{chapter.3}{Rquisiti}{}% 6
\BOOKMARK [1][-]{section.3.1}{Scalabilit\340 delle risorse}{chapter.3}% 7
\BOOKMARK [1][-]{section.3.2}{Ottimizzazione dell' I/O sul DB e gestione della cache}{chapter.3}% 8
\BOOKMARK [1][-]{section.3.3}{Notifica utenti}{chapter.3}% 9
\BOOKMARK [0][-]{chapter.4}{Tecnologie}{}% 10
\BOOKMARK [1][-]{section.4.1}{Analisi comparativa}{chapter.4}% 11
\BOOKMARK [2][-]{subsection.4.1.1}{Basi di dati}{section.4.1}% 12
\BOOKMARK [2][-]{subsection.4.1.2}{Web services e server side framework}{section.4.1}% 13
\BOOKMARK [1][-]{section.4.2}{Tecnologie selezionate}{chapter.4}% 14
\BOOKMARK [2][-]{subsection.4.2.1}{Elastic beanstalk}{section.4.2}% 15
\BOOKMARK [2][-]{subsection.4.2.2}{Redis}{section.4.2}% 16
\BOOKMARK [0][-]{chapter.5}{Progettazione software}{}% 17
\BOOKMARK [1][-]{section.5.1}{Classificazione eventi}{chapter.5}% 18
\BOOKMARK [1][-]{section.5.2}{Database \(DynamoDb AWS\)}{chapter.5}% 19
\BOOKMARK [1][-]{section.5.3}{NodeJs}{chapter.5}% 20
